<?xml version="1.0" encoding="UTF-8"?>
<testsuite xmlns:xsi="http://www.w3.org/2001/XMLSchema-instance" xsi:noNamespaceSchemaLocation="https://maven.apache.org/surefire/maven-surefire-plugin/xsd/surefire-test-report-3.0.xsd" version="3.0" name="org.example.TestFindValidNineLetterWords" time="0.076" tests="1" errors="0" skipped="0" failures="0">
  <properties>
    <property name="sun.desktop" value="windows"/>
    <property name="awt.toolkit" value="sun.awt.windows.WToolkit"/>
    <property name="file.encoding.pkg" value="sun.io"/>
    <property name="java.specification.version" value="1.8"/>
    <property name="sun.cpu.isalist" value="amd64"/>
    <property name="sun.jnu.encoding" value="Cp1252"/>
    <property name="java.class.path" value="C:\Users\Apeksha.Ambala\OneDrive - Aeris Communications\Desktop\Task\GeoWealth\findValidNineLetterWords\target\test-classes;C:\Users\Apeksha.Ambala\OneDrive - Aeris Communications\Desktop\Task\GeoWealth\findValidNineLetterWords\target\classes;C:\Users\Apeksha.Ambala\.m2\mvn-repo\mvn-repo\org\powermock\powermock-module-junit4\2.0.9\powermock-module-junit4-2.0.9.jar;C:\Users\Apeksha.Ambala\.m2\mvn-repo\mvn-repo\org\powermock\powermock-module-junit4-common\2.0.9\powermock-module-junit4-common-2.0.9.jar;C:\Users\Apeksha.Ambala\.m2\mvn-repo\mvn-repo\org\powermock\powermock-reflect\2.0.9\powermock-reflect-2.0.9.jar;C:\Users\Apeksha.Ambala\.m2\mvn-repo\mvn-repo\net\bytebuddy\byte-buddy\1.10.14\byte-buddy-1.10.14.jar;C:\Users\Apeksha.Ambala\.m2\mvn-repo\mvn-repo\net\bytebuddy\byte-buddy-agent\1.10.14\byte-buddy-agent-1.10.14.jar;C:\Users\Apeksha.Ambala\.m2\mvn-repo\mvn-repo\org\powermock\powermock-core\2.0.9\powermock-core-2.0.9.jar;C:\Users\Apeksha.Ambala\.m2\mvn-repo\mvn-repo\org\javassist\javassist\3.27.0-GA\javassist-3.27.0-GA.jar;C:\Users\Apeksha.Ambala\.m2\mvn-repo\mvn-repo\junit\junit\4.12\junit-4.12.jar;C:\Users\Apeksha.Ambala\.m2\mvn-repo\mvn-repo\org\hamcrest\hamcrest-core\1.3\hamcrest-core-1.3.jar;C:\Users\Apeksha.Ambala\.m2\mvn-repo\mvn-repo\org\powermock\powermock-api-mockito\1.7.4\powermock-api-mockito-1.7.4.jar;C:\Users\Apeksha.Ambala\.m2\mvn-repo\mvn-repo\org\powermock\powermock-api-mockito-common\1.7.4\powermock-api-mockito-common-1.7.4.jar;C:\Users\Apeksha.Ambala\.m2\mvn-repo\mvn-repo\org\powermock\powermock-api-support\1.7.4\powermock-api-support-1.7.4.jar;C:\Users\Apeksha.Ambala\.m2\mvn-repo\mvn-repo\org\mockito\mockito-core\1.10.19\mockito-core-1.10.19.jar;C:\Users\Apeksha.Ambala\.m2\mvn-repo\mvn-repo\org\objenesis\objenesis\2.1\objenesis-2.1.jar;C:\Users\Apeksha.Ambala\.m2\mvn-repo\mvn-repo\org\junit\jupiter\junit-jupiter-api\5.9.1\junit-jupiter-api-5.9.1.jar;C:\Users\Apeksha.Ambala\.m2\mvn-repo\mvn-repo\org\opentest4j\opentest4j\1.2.0\opentest4j-1.2.0.jar;C:\Users\Apeksha.Ambala\.m2\mvn-repo\mvn-repo\org\junit\platform\junit-platform-commons\1.9.1\junit-platform-commons-1.9.1.jar;C:\Users\Apeksha.Ambala\.m2\mvn-repo\mvn-repo\org\apiguardian\apiguardian-api\1.1.2\apiguardian-api-1.1.2.jar;"/>
    <property name="java.vm.vendor" value="Oracle Corporation"/>
    <property name="sun.arch.data.model" value="64"/>
    <property name="user.variant" value=""/>
    <property name="java.vendor.url" value="http://java.oracle.com/"/>
    <property name="user.timezone" value="Asia/Calcutta"/>
    <property name="java.vm.specification.version" value="1.8"/>
    <property name="os.name" value="Windows 11"/>
    <property name="user.country" value="IN"/>
    <property name="sun.java.launcher" value="SUN_STANDARD"/>
    <property name="sun.boot.library.path" value="C:\Program Files\Java\jdk1.8.0_351\jre\bin"/>
    <property name="sun.java.command" value="C:\Users\Apeksha.Ambala\AppData\Local\Temp\surefire7399911665527539720\surefirebooter-20240315233923144_3.jar C:\Users\Apeksha.Ambala\AppData\Local\Temp\surefire7399911665527539720 2024-03-15T23-39-22_672-jvmRun1 surefire-20240315233923144_1tmp surefire_0-20240315233923144_2tmp"/>
    <property name="surefire.test.class.path" value="C:\Users\Apeksha.Ambala\OneDrive - Aeris Communications\Desktop\Task\GeoWealth\findValidNineLetterWords\target\test-classes;C:\Users\Apeksha.Ambala\OneDrive - Aeris Communications\Desktop\Task\GeoWealth\findValidNineLetterWords\target\classes;C:\Users\Apeksha.Ambala\.m2\mvn-repo\mvn-repo\org\powermock\powermock-module-junit4\2.0.9\powermock-module-junit4-2.0.9.jar;C:\Users\Apeksha.Ambala\.m2\mvn-repo\mvn-repo\org\powermock\powermock-module-junit4-common\2.0.9\powermock-module-junit4-common-2.0.9.jar;C:\Users\Apeksha.Ambala\.m2\mvn-repo\mvn-repo\org\powermock\powermock-reflect\2.0.9\powermock-reflect-2.0.9.jar;C:\Users\Apeksha.Ambala\.m2\mvn-repo\mvn-repo\net\bytebuddy\byte-buddy\1.10.14\byte-buddy-1.10.14.jar;C:\Users\Apeksha.Ambala\.m2\mvn-repo\mvn-repo\net\bytebuddy\byte-buddy-agent\1.10.14\byte-buddy-agent-1.10.14.jar;C:\Users\Apeksha.Ambala\.m2\mvn-repo\mvn-repo\org\powermock\powermock-core\2.0.9\powermock-core-2.0.9.jar;C:\Users\Apeksha.Ambala\.m2\mvn-repo\mvn-repo\org\javassist\javassist\3.27.0-GA\javassist-3.27.0-GA.jar;C:\Users\Apeksha.Ambala\.m2\mvn-repo\mvn-repo\junit\junit\4.12\junit-4.12.jar;C:\Users\Apeksha.Ambala\.m2\mvn-repo\mvn-repo\org\hamcrest\hamcrest-core\1.3\hamcrest-core-1.3.jar;C:\Users\Apeksha.Ambala\.m2\mvn-repo\mvn-repo\org\powermock\powermock-api-mockito\1.7.4\powermock-api-mockito-1.7.4.jar;C:\Users\Apeksha.Ambala\.m2\mvn-repo\mvn-repo\org\powermock\powermock-api-mockito-common\1.7.4\powermock-api-mockito-common-1.7.4.jar;C:\Users\Apeksha.Ambala\.m2\mvn-repo\mvn-repo\org\powermock\powermock-api-support\1.7.4\powermock-api-support-1.7.4.jar;C:\Users\Apeksha.Ambala\.m2\mvn-repo\mvn-repo\org\mockito\mockito-core\1.10.19\mockito-core-1.10.19.jar;C:\Users\Apeksha.Ambala\.m2\mvn-repo\mvn-repo\org\objenesis\objenesis\2.1\objenesis-2.1.jar;C:\Users\Apeksha.Ambala\.m2\mvn-repo\mvn-repo\org\junit\jupiter\junit-jupiter-api\5.9.1\junit-jupiter-api-5.9.1.jar;C:\Users\Apeksha.Ambala\.m2\mvn-repo\mvn-repo\org\opentest4j\opentest4j\1.2.0\opentest4j-1.2.0.jar;C:\Users\Apeksha.Ambala\.m2\mvn-repo\mvn-repo\org\junit\platform\junit-platform-commons\1.9.1\junit-platform-commons-1.9.1.jar;C:\Users\Apeksha.Ambala\.m2\mvn-repo\mvn-repo\org\apiguardian\apiguardian-api\1.1.2\apiguardian-api-1.1.2.jar;"/>
    <property name="sun.cpu.endian" value="little"/>
    <property name="user.home" value="C:\Users\Apeksha.Ambala"/>
    <property name="user.language" value="en"/>
    <property name="java.specification.vendor" value="Oracle Corporation"/>
    <property name="java.home" value="C:\Program Files\Java\jdk1.8.0_351\jre"/>
    <property name="basedir" value="C:\Users\Apeksha.Ambala\OneDrive - Aeris Communications\Desktop\Task\GeoWealth\findValidNineLetterWords"/>
    <property name="file.separator" value="\"/>
    <property name="line.separator" value="&#10;"/>
    <property name="java.vm.specification.vendor" value="Oracle Corporation"/>
    <property name="java.specification.name" value="Java Platform API Specification"/>
    <property name="java.awt.graphicsenv" value="sun.awt.Win32GraphicsEnvironment"/>
    <property name="surefire.real.class.path" value="C:\Users\Apeksha.Ambala\AppData\Local\Temp\surefire7399911665527539720\surefirebooter-20240315233923144_3.jar"/>
    <property name="sun.boot.class.path" value="C:\Program Files\Java\jdk1.8.0_351\jre\lib\resources.jar;C:\Program Files\Java\jdk1.8.0_351\jre\lib\rt.jar;C:\Program Files\Java\jdk1.8.0_351\jre\lib\jsse.jar;C:\Program Files\Java\jdk1.8.0_351\jre\lib\jce.jar;C:\Program Files\Java\jdk1.8.0_351\jre\lib\charsets.jar;C:\Program Files\Java\jdk1.8.0_351\jre\lib\jfr.jar;C:\Program Files\Java\jdk1.8.0_351\jre\classes"/>
    <property name="user.script" value=""/>
    <property name="sun.management.compiler" value="HotSpot 64-Bit Tiered Compilers"/>
    <property name="java.runtime.version" value="1.8.0_351-b31"/>
    <property name="user.name" value="Apeksha.Ambala"/>
    <property name="path.separator" value=";"/>
    <property name="os.version" value="10.0"/>
    <property name="java.endorsed.dirs" value="C:\Program Files\Java\jdk1.8.0_351\jre\lib\endorsed"/>
    <property name="java.runtime.name" value="Java(TM) SE Runtime Environment"/>
    <property name="file.encoding" value="Cp1252"/>
    <property name="java.vm.name" value="Java HotSpot(TM) 64-Bit Server VM"/>
    <property name="localRepository" value="C:\Users\Apeksha.Ambala\.m2\mvn-repo\mvn-repo"/>
    <property name="java.vendor.url.bug" value="http://bugreport.sun.com/bugreport/"/>
    <property name="java.io.tmpdir" value="C:\Users\APEKSH~1.AMB\AppData\Local\Temp\"/>
    <property name="java.version" value="1.8.0_351"/>
    <property name="user.dir" value="C:\Users\Apeksha.Ambala\OneDrive - Aeris Communications\Desktop\Task\GeoWealth\findValidNineLetterWords"/>
    <property name="os.arch" value="amd64"/>
    <property name="java.vm.specification.name" value="Java Virtual Machine Specification"/>
    <property name="java.awt.printerjob" value="sun.awt.windows.WPrinterJob"/>
    <property name="sun.os.patch.level" value=""/>
    <property name="java.library.path" value="C:\Program Files\Java\jdk1.8.0_351\jre\bin;C:\windows\Sun\Java\bin;C:\windows\system32;C:\windows;C:\Program Files (x86)\Common Files\Oracle\Java\javapath;C:\windows\system32;C:\windows;C:\windows\System32\Wbem;C:\windows\System32\WindowsPowerShell\v1.0\;C:\windows\System32\OpenSSH\;C:\Program Files\Git\cmd;C:\Program Files\PuTTY\;C:\Program Files (x86)\NetSarang\Xshell 7\;C:\Program Files (x86)\NetSarang\Xftp 7\;C:\Users\Apeksha.Ambala\AppData\Local\Microsoft\WindowsApps;C:\Users\Apeksha.Ambala\AppData\Local\Google\Cloud SDK\google-cloud-sdk\bin;C:\Program Files\Java\jdk1.8.0_351\bin;C:\Program Files\apache-maven-3.9.6\bin;;."/>
    <property name="java.vm.info" value="mixed mode"/>
    <property name="java.vendor" value="Oracle Corporation"/>
    <property name="java.vm.version" value="25.351-b31"/>
    <property name="java.specification.maintenance.version" value="4"/>
    <property name="java.ext.dirs" value="C:\Program Files\Java\jdk1.8.0_351\jre\lib\ext;C:\windows\Sun\Java\lib\ext"/>
    <property name="sun.io.unicode.encoding" value="UnicodeLittle"/>
    <property name="java.class.version" value="52.0"/>
  </properties>
  <testcase name="testCheckValidWords" classname="org.example.TestFindValidNineLetterWords" time="0.063"/>
</testsuite>